\BOOKMARK [0][-]{chapter*.1}{\376\377\000A\000b\000s\000t\000r\000a\000c\000t\000\040\000\050\000E\000n\000g\000l\000i\000s\000h\000\051}{}% 1
\BOOKMARK [0][-]{chapter*.3}{\376\377\000A\000c\000k\000n\000o\000w\000l\000e\000d\000g\000m\000e\000n\000t\000s}{}% 2
\BOOKMARK [0][-]{section*.4}{\376\377\000L\000i\000s\000t\000\040\000o\000f\000\040\000F\000i\000g\000u\000r\000e\000s}{}% 3
\BOOKMARK [0][-]{section*.5}{\376\377\000L\000i\000s\000t\000\040\000o\000f\000\040\000T\000a\000b\000l\000e\000s}{}% 4
\BOOKMARK [0][-]{chapter.1}{\376\377\0001\000\040\000I\000n\000t\000r\000o\000d\000u\000c\000t\000i\000o\000n}{}% 5
\BOOKMARK [1][-]{section.1.1}{\376\377\0001\000.\0001\000\040\000C\000o\000o\000p\000e\000r\000a\000t\000i\000v\000e\000\040\000R\000e\000l\000a\000y\000\040\000C\000o\000m\000m\000u\000n\000i\000c\000a\000t\000i\000o\000n}{chapter.1}% 6
\BOOKMARK [2][-]{subsection.1.1.1}{\376\377\0001\000.\0001\000.\0001\000\040\000I\000n\000f\000o\000r\000m\000a\000t\000i\000o\000n\000-\000T\000h\000e\000o\000r\000e\000t\000i\000c\000\040\000F\000o\000u\000n\000d\000a\000t\000i\000o\000n\000s}{section.1.1}% 7
\BOOKMARK [2][-]{subsection.1.1.2}{\376\377\0001\000.\0001\000.\0002\000\040\000T\000w\000o\000-\000H\000o\000p\000\040\000R\000e\000l\000a\000y\000\040\000M\000o\000d\000e\000l}{section.1.1}% 8
\BOOKMARK [2][-]{subsection.1.1.3}{\376\377\0001\000.\0001\000.\0003\000\040\000C\000o\000o\000p\000e\000r\000a\000t\000i\000v\000e\000\040\000D\000i\000v\000e\000r\000s\000i\000t\000y\000\040\000a\000n\000d\000\040\000P\000r\000a\000c\000t\000i\000c\000a\000l\000\040\000R\000e\000l\000e\000v\000a\000n\000c\000e}{section.1.1}% 9
\BOOKMARK [1][-]{section.1.2}{\376\377\0001\000.\0002\000\040\000C\000l\000a\000s\000s\000i\000c\000a\000l\000\040\000R\000e\000l\000a\000y\000\040\000S\000t\000r\000a\000t\000e\000g\000i\000e\000s}{chapter.1}% 10
\BOOKMARK [1][-]{section.1.3}{\376\377\0001\000.\0003\000\040\000M\000I\000M\000O\000\040\000S\000y\000s\000t\000e\000m\000s\000\040\000a\000n\000d\000\040\000E\000q\000u\000a\000l\000i\000z\000a\000t\000i\000o\000n}{chapter.1}% 11
\BOOKMARK [2][-]{subsection.1.3.1}{\376\377\0001\000.\0003\000.\0001\000\040\000S\000y\000s\000t\000e\000m\000\040\000M\000o\000d\000e\000l}{section.1.3}% 12
\BOOKMARK [2][-]{subsection.1.3.2}{\376\377\0001\000.\0003\000.\0002\000\040\000E\000q\000u\000a\000l\000i\000z\000a\000t\000i\000o\000n\000\040\000M\000e\000t\000h\000o\000d\000s}{section.1.3}% 13
\BOOKMARK [2][-]{subsection.1.3.3}{\376\377\0001\000.\0003\000.\0003\000\040\000M\000I\000M\000O\000\040\000w\000i\000t\000h\000\040\000R\000e\000l\000a\000y\000\040\000P\000r\000o\000c\000e\000s\000s\000i\000n\000g}{section.1.3}% 14
\BOOKMARK [1][-]{section.1.4}{\376\377\0001\000.\0004\000\040\000R\000e\000s\000e\000a\000r\000c\000h\000\040\000G\000a\000p\000\040\000a\000n\000d\000\040\000M\000o\000t\000i\000v\000a\000t\000i\000o\000n}{chapter.1}% 15
\BOOKMARK [1][-]{section.1.5}{\376\377\0001\000.\0005\000\040\000T\000h\000e\000o\000r\000e\000t\000i\000c\000a\000l\000\040\000F\000o\000u\000n\000d\000a\000t\000i\000o\000n\000s\000:\000\040\000C\000h\000a\000n\000n\000e\000l\000\040\000M\000o\000d\000e\000l\000s}{chapter.1}% 16
\BOOKMARK [2][-]{subsection.1.5.1}{\376\377\0001\000.\0005\000.\0001\000\040\000A\000W\000G\000N\000\040\000C\000h\000a\000n\000n\000e\000l\000\040\040\024\000\040\000T\000h\000e\000o\000r\000e\000t\000i\000c\000a\000l\000\040\000A\000n\000a\000l\000y\000s\000i\000s}{section.1.5}% 17
\BOOKMARK [2][-]{subsection.1.5.2}{\376\377\0001\000.\0005\000.\0002\000\040\000R\000a\000y\000l\000e\000i\000g\000h\000\040\000F\000a\000d\000i\000n\000g\000\040\000C\000h\000a\000n\000n\000e\000l\000\040\040\024\000\040\000T\000h\000e\000o\000r\000e\000t\000i\000c\000a\000l\000\040\000A\000n\000a\000l\000y\000s\000i\000s}{section.1.5}% 18
\BOOKMARK [2][-]{subsection.1.5.3}{\376\377\0001\000.\0005\000.\0003\000\040\000R\000i\000c\000i\000a\000n\000\040\000F\000a\000d\000i\000n\000g\000\040\000C\000h\000a\000n\000n\000e\000l\000\040\040\024\000\040\000T\000h\000e\000o\000r\000e\000t\000i\000c\000a\000l\000\040\000A\000n\000a\000l\000y\000s\000i\000s}{section.1.5}% 19
\BOOKMARK [2][-]{subsection.1.5.4}{\376\377\0001\000.\0005\000.\0004\000\040\000F\000a\000d\000i\000n\000g\000\040\000C\000o\000e\000f\000f\000i\000c\000i\000e\000n\000t\000\040\000D\000i\000s\000t\000r\000i\000b\000u\000t\000i\000o\000n\000s}{section.1.5}% 20
\BOOKMARK [2][-]{subsection.1.5.5}{\376\377\0001\000.\0005\000.\0005\000\040\0002\000\327\0002\000\040\000M\000I\000M\000O\000\040\000C\000h\000a\000n\000n\000e\000l\000\040\040\024\000\040\000T\000h\000e\000o\000r\000e\000t\000i\000c\000a\000l\000\040\000A\000n\000a\000l\000y\000s\000i\000s}{section.1.5}% 21
\BOOKMARK [2][-]{subsection.1.5.6}{\376\377\0001\000.\0005\000.\0006\000\040\000C\000h\000a\000n\000n\000e\000l\000\040\000M\000o\000d\000e\000l\000\040\000V\000a\000l\000i\000d\000a\000t\000i\000o\000n}{section.1.5}% 22
\BOOKMARK [0][-]{chapter.2}{\376\377\0002\000\040\000L\000i\000t\000e\000r\000a\000t\000u\000r\000e\000\040\000R\000e\000v\000i\000e\000w}{}% 23
\BOOKMARK [1][-]{section.2.1}{\376\377\0002\000.\0001\000\040\000M\000a\000c\000h\000i\000n\000e\000\040\000L\000e\000a\000r\000n\000i\000n\000g\000\040\000i\000n\000\040\000W\000i\000r\000e\000l\000e\000s\000s\000\040\000C\000o\000m\000m\000u\000n\000i\000c\000a\000t\000i\000o\000n}{chapter.2}% 24
\BOOKMARK [2][-]{subsection.2.1.1}{\376\377\0002\000.\0001\000.\0001\000\040\000T\000h\000e\000o\000r\000e\000t\000i\000c\000a\000l\000\040\000B\000a\000s\000i\000s\000:\000\040\000U\000n\000i\000v\000e\000r\000s\000a\000l\000\040\000A\000p\000p\000r\000o\000x\000i\000m\000a\000t\000i\000o\000n\000\040\000a\000n\000d\000\040\000D\000e\000n\000o\000i\000s\000i\000n\000g}{section.2.1}% 25
\BOOKMARK [2][-]{subsection.2.1.2}{\376\377\0002\000.\0001\000.\0002\000\040\000P\000r\000i\000o\000r\000\040\000W\000o\000r\000k\000\040\000i\000n\000\040\000D\000e\000e\000p\000\040\000L\000e\000a\000r\000n\000i\000n\000g\000\040\000f\000o\000r\000\040\000P\000h\000y\000s\000i\000c\000a\000l\000-\000L\000a\000y\000e\000r\000\040\000P\000r\000o\000c\000e\000s\000s\000i\000n\000g}{section.2.1}% 26
\BOOKMARK [2][-]{subsection.2.1.3}{\376\377\0002\000.\0001\000.\0003\000\040\000D\000e\000e\000p\000\040\000N\000e\000u\000r\000a\000l\000\040\000N\000e\000t\000w\000o\000r\000k\000s\000\040\000f\000o\000r\000\040\000P\000h\000y\000s\000i\000c\000a\000l\000\040\000L\000a\000y\000e\000r\000\040\000D\000e\000s\000i\000g\000n}{section.2.1}% 27
\BOOKMARK [2][-]{subsection.2.1.4}{\376\377\0002\000.\0001\000.\0004\000\040\000N\000e\000u\000r\000a\000l\000\040\000N\000e\000t\000w\000o\000r\000k\000\040\000R\000e\000l\000a\000y\000\040\000P\000r\000o\000c\000e\000s\000s\000i\000n\000g}{section.2.1}% 28
\BOOKMARK [1][-]{section.2.2}{\376\377\0002\000.\0002\000\040\000G\000e\000n\000e\000r\000a\000t\000i\000v\000e\000\040\000M\000o\000d\000e\000l\000s\000\040\000f\000o\000r\000\040\000S\000i\000g\000n\000a\000l\000\040\000P\000r\000o\000c\000e\000s\000s\000i\000n\000g}{chapter.2}% 29
\BOOKMARK [2][-]{subsection.2.2.1}{\376\377\0002\000.\0002\000.\0001\000\040\000V\000a\000r\000i\000a\000t\000i\000o\000n\000a\000l\000\040\000A\000u\000t\000o\000e\000n\000c\000o\000d\000e\000r\000s}{section.2.2}% 30
\BOOKMARK [2][-]{subsection.2.2.2}{\376\377\0002\000.\0002\000.\0002\000\040\000C\000o\000n\000d\000i\000t\000i\000o\000n\000a\000l\000\040\000G\000e\000n\000e\000r\000a\000t\000i\000v\000e\000\040\000A\000d\000v\000e\000r\000s\000a\000r\000i\000a\000l\000\040\000N\000e\000t\000w\000o\000r\000k\000s}{section.2.2}% 31
\BOOKMARK [2][-]{subsection.2.2.3}{\376\377\0002\000.\0002\000.\0003\000\040\000G\000e\000n\000e\000r\000a\000t\000i\000v\000e\000\040\000v\000s\000.\000\040\000D\000i\000s\000c\000r\000i\000m\000i\000n\000a\000t\000i\000v\000e\000\040\000P\000a\000r\000a\000d\000i\000g\000m\000s\000\040\000f\000o\000r\000\040\000R\000e\000l\000a\000y\000\040\000P\000r\000o\000c\000e\000s\000s\000i\000n\000g}{section.2.2}% 32
\BOOKMARK [1][-]{section.2.3}{\376\377\0002\000.\0003\000\040\000S\000e\000q\000u\000e\000n\000c\000e\000\040\000M\000o\000d\000e\000l\000s\000:\000\040\000T\000r\000a\000n\000s\000f\000o\000r\000m\000e\000r\000s\000\040\000a\000n\000d\000\040\000S\000t\000a\000t\000e\000\040\000S\000p\000a\000c\000e\000\040\000M\000o\000d\000e\000l\000s}{chapter.2}% 33
\BOOKMARK [2][-]{subsection.2.3.1}{\376\377\0002\000.\0003\000.\0001\000\040\000T\000r\000a\000n\000s\000f\000o\000r\000m\000e\000r\000s\000\040\000a\000n\000d\000\040\000t\000h\000e\000\040\000A\000t\000t\000e\000n\000t\000i\000o\000n\000\040\000M\000e\000c\000h\000a\000n\000i\000s\000m}{section.2.3}% 34
\BOOKMARK [2][-]{subsection.2.3.2}{\376\377\0002\000.\0003\000.\0002\000\040\000S\000t\000r\000u\000c\000t\000u\000r\000e\000d\000\040\000S\000t\000a\000t\000e\000\040\000S\000p\000a\000c\000e\000\040\000M\000o\000d\000e\000l\000s}{section.2.3}% 35
\BOOKMARK [2][-]{subsection.2.3.3}{\376\377\0002\000.\0003\000.\0003\000\040\000M\000a\000m\000b\000a\000:\000\040\000S\000e\000l\000e\000c\000t\000i\000v\000e\000\040\000S\000t\000a\000t\000e\000\040\000S\000p\000a\000c\000e\000s}{section.2.3}% 36
\BOOKMARK [2][-]{subsection.2.3.4}{\376\377\0002\000.\0003\000.\0004\000\040\000M\000a\000m\000b\000a\000-\0002\000:\000\040\000S\000t\000r\000u\000c\000t\000u\000r\000e\000d\000\040\000S\000t\000a\000t\000e\000\040\000S\000p\000a\000c\000e\000\040\000D\000u\000a\000l\000i\000t\000y}{section.2.3}% 37
\BOOKMARK [2][-]{subsection.2.3.5}{\376\377\0002\000.\0003\000.\0005\000\040\000S\000t\000a\000t\000e\000\040\000S\000p\000a\000c\000e\000\040\000M\000o\000d\000e\000l\000s\000\040\000f\000o\000r\000\040\000S\000i\000g\000n\000a\000l\000\040\000P\000r\000o\000c\000e\000s\000s\000i\000n\000g}{section.2.3}% 38
\BOOKMARK [0][-]{chapter.3}{\376\377\0003\000\040\000R\000e\000s\000e\000a\000r\000c\000h\000\040\000O\000b\000j\000e\000c\000t\000i\000v\000e\000s}{}% 39
\BOOKMARK [1][-]{section.3.1}{\376\377\0003\000.\0001\000\040\000M\000a\000i\000n\000\040\000O\000b\000j\000e\000c\000t\000i\000v\000e}{chapter.3}% 40
\BOOKMARK [1][-]{section.3.2}{\376\377\0003\000.\0002\000\040\000R\000e\000s\000e\000a\000r\000c\000h\000\040\000H\000y\000p\000o\000t\000h\000e\000s\000e\000s}{chapter.3}% 41
\BOOKMARK [1][-]{section.3.3}{\376\377\0003\000.\0003\000\040\000S\000p\000e\000c\000i\000f\000i\000c\000\040\000O\000b\000j\000e\000c\000t\000i\000v\000e\000s}{chapter.3}% 42
\BOOKMARK [1][-]{section.3.4}{\376\377\0003\000.\0004\000\040\000S\000c\000o\000p\000e\000\040\000a\000n\000d\000\040\000D\000e\000l\000i\000m\000i\000t\000a\000t\000i\000o\000n\000s}{chapter.3}% 43
\BOOKMARK [0][-]{chapter.4}{\376\377\0004\000\040\000M\000e\000t\000h\000o\000d\000s}{}% 44
\BOOKMARK [1][-]{section.4.1}{\376\377\0004\000.\0001\000\040\000S\000y\000s\000t\000e\000m\000\040\000M\000o\000d\000e\000l}{chapter.4}% 45
\BOOKMARK [2][-]{subsection.4.1.1}{\376\377\0004\000.\0001\000.\0001\000\040\000M\000I\000M\000O\000\040\000T\000o\000p\000o\000l\000o\000g\000y\000\040\000w\000i\000t\000h\000\040\000N\000e\000u\000r\000a\000l\000\040\000N\000e\000t\000w\000o\000r\000k\000\040\000R\000e\000l\000a\000y\000\040\000a\000n\000d\000\040\000E\000q\000u\000a\000l\000i\000z\000a\000t\000i\000o\000n}{section.4.1}% 46
\BOOKMARK [1][-]{section.4.2}{\376\377\0004\000.\0002\000\040\000R\000e\000l\000a\000y\000\040\000S\000t\000r\000a\000t\000e\000g\000i\000e\000s}{chapter.4}% 47
\BOOKMARK [1][-]{section.4.3}{\376\377\0004\000.\0003\000\040\000S\000i\000m\000u\000l\000a\000t\000i\000o\000n\000\040\000F\000r\000a\000m\000e\000w\000o\000r\000k}{chapter.4}% 48
\BOOKMARK [2][-]{subsection.4.3.1}{\376\377\0004\000.\0003\000.\0001\000\040\000M\000o\000n\000t\000e\000\040\000C\000a\000r\000l\000o\000\040\000B\000E\000R\000\040\000E\000s\000t\000i\000m\000a\000t\000i\000o\000n}{section.4.3}% 49
\BOOKMARK [2][-]{subsection.4.3.2}{\376\377\0004\000.\0003\000.\0002\000\040\000S\000t\000a\000t\000i\000s\000t\000i\000c\000a\000l\000\040\000S\000i\000g\000n\000i\000f\000i\000c\000a\000n\000c\000e\000\040\000T\000e\000s\000t\000i\000n\000g}{section.4.3}% 50
\BOOKMARK [2][-]{subsection.4.3.3}{\376\377\0004\000.\0003\000.\0003\000\040\000T\000r\000a\000i\000n\000i\000n\000g\000\040\000P\000r\000o\000t\000o\000c\000o\000l}{section.4.3}% 51
\BOOKMARK [2][-]{subsection.4.3.4}{\376\377\0004\000.\0003\000.\0004\000\040\000R\000e\000p\000r\000o\000d\000u\000c\000i\000b\000i\000l\000i\000t\000y\000\040\000a\000n\000d\000\040\000W\000e\000i\000g\000h\000t\000\040\000M\000a\000n\000a\000g\000e\000m\000e\000n\000t}{section.4.3}% 52
\BOOKMARK [1][-]{section.4.4}{\376\377\0004\000.\0004\000\040\000N\000o\000r\000m\000a\000l\000i\000z\000e\000d\000\040\000P\000a\000r\000a\000m\000e\000t\000e\000r\000\040\000C\000o\000m\000p\000a\000r\000i\000s\000o\000n}{chapter.4}% 53
\BOOKMARK [1][-]{section.4.5}{\376\377\0004\000.\0005\000\040\000M\000o\000d\000u\000l\000a\000t\000i\000o\000n\000\040\000S\000c\000h\000e\000m\000e\000s}{chapter.4}% 54
\BOOKMARK [2][-]{subsection.4.5.1}{\376\377\0004\000.\0005\000.\0001\000\040\000B\000P\000S\000K}{section.4.5}% 55
\BOOKMARK [2][-]{subsection.4.5.2}{\376\377\0004\000.\0005\000.\0002\000\040\000Q\000P\000S\000K\000\040\040\024\000\040\000G\000r\000a\000y\000-\000C\000o\000d\000e\000d\000\040\000Q\000u\000a\000d\000r\000a\000t\000u\000r\000e\000\040\000P\000h\000a\000s\000e\000-\000S\000h\000i\000f\000t\000\040\000K\000e\000y\000i\000n\000g}{section.4.5}% 56
\BOOKMARK [2][-]{subsection.4.5.3}{\376\377\0004\000.\0005\000.\0003\000\040\0001\0006\000-\000Q\000A\000M\000\040\040\024\000\040\000G\000r\000a\000y\000-\000C\000o\000d\000e\000d\000\040\000Q\000u\000a\000d\000r\000a\000t\000u\000r\000e\000\040\000A\000m\000p\000l\000i\000t\000u\000d\000e\000\040\000M\000o\000d\000u\000l\000a\000t\000i\000o\000n}{section.4.5}% 57
\BOOKMARK [2][-]{subsection.4.5.4}{\376\377\0004\000.\0005\000.\0004\000\040\000C\000o\000n\000s\000t\000e\000l\000l\000a\000t\000i\000o\000n\000\040\000D\000i\000a\000g\000r\000a\000m\000\040\000S\000u\000m\000m\000a\000r\000y}{section.4.5}% 58
\BOOKMARK [2][-]{subsection.4.5.5}{\376\377\0004\000.\0005\000.\0005\000\040\0001\0006\000-\000P\000S\000K\000\040\040\024\000\040\000G\000r\000a\000y\000-\000C\000o\000d\000e\000d\000\040\000P\000h\000a\000s\000e\000-\000S\000h\000i\000f\000t\000\040\000K\000e\000y\000i\000n\000g}{section.4.5}% 59
\BOOKMARK [2][-]{subsection.4.5.6}{\376\377\0004\000.\0005\000.\0006\000\040\000I\000/\000Q\000\040\000S\000p\000l\000i\000t\000t\000i\000n\000g\000\040\000f\000o\000r\000\040\000A\000I\000\040\000R\000e\000l\000a\000y\000\040\000P\000r\000o\000c\000e\000s\000s\000i\000n\000g\000\040\000o\000f\000\040\000C\000o\000m\000p\000l\000e\000x\000\040\000C\000o\000n\000s\000t\000e\000l\000l\000a\000t\000i\000o\000n\000s}{section.4.5}% 60
\BOOKMARK [2][-]{subsection.4.5.7}{\376\377\0004\000.\0005\000.\0007\000\040\0002\000D\000\040\000J\000o\000i\000n\000t\000\040\000C\000l\000a\000s\000s\000i\000f\000i\000c\000a\000t\000i\000o\000n\000\040\000a\000s\000\040\000a\000n\000\040\000A\000l\000t\000e\000r\000n\000a\000t\000i\000v\000e\000\040\000t\000o\000\040\000I\000/\000Q\000\040\000S\000p\000l\000i\000t\000t\000i\000n\000g}{section.4.5}% 61
\BOOKMARK [0][-]{chapter.5}{\376\377\0005\000\040\000E\000x\000p\000e\000r\000i\000m\000e\000n\000t\000s}{}% 62
\BOOKMARK [1][-]{section.5.1}{\376\377\0005\000.\0001\000\040\000C\000h\000a\000n\000n\000e\000l\000\040\000M\000o\000d\000e\000l\000\040\000V\000a\000l\000i\000d\000a\000t\000i\000o\000n}{chapter.5}% 63
\BOOKMARK [1][-]{section.5.2}{\376\377\0005\000.\0002\000\040\000S\000I\000S\000O\000\040\000B\000P\000S\000K\000\040\000P\000e\000r\000f\000o\000r\000m\000a\000n\000c\000e\000\040\000\050\000B\000a\000s\000e\000l\000i\000n\000e\000\040\000R\000e\000l\000a\000y\000\040\000C\000o\000m\000p\000a\000r\000i\000s\000o\000n\000\051}{chapter.5}% 64
\BOOKMARK [2][-]{subsection.5.2.1}{\376\377\0005\000.\0002\000.\0001\000\040\000R\000e\000s\000u\000l\000t\000s\000\040\000T\000a\000b\000l\000e\000s}{section.5.2}% 65
\BOOKMARK [2][-]{subsection.5.2.2}{\376\377\0005\000.\0002\000.\0002\000\040\000R\000e\000s\000u\000l\000t\000s\000\040\000F\000i\000g\000u\000r\000e\000s}{section.5.2}% 66
\BOOKMARK [1][-]{section.5.3}{\376\377\0005\000.\0003\000\040\000M\000I\000M\000O\000\040\0002\000x\0002\000\040\000B\000P\000S\000K\000\040\000P\000e\000r\000f\000o\000r\000m\000a\000n\000c\000e}{chapter.5}% 67
\BOOKMARK [2][-]{subsection.5.3.1}{\376\377\0005\000.\0003\000.\0001\000\040\000R\000e\000s\000u\000l\000t\000s\000\040\000T\000a\000b\000l\000e\000s}{section.5.3}% 68
\BOOKMARK [2][-]{subsection.5.3.2}{\376\377\0005\000.\0003\000.\0002\000\040\000R\000e\000s\000u\000l\000t\000s\000\040\000F\000i\000g\000u\000r\000e\000s}{section.5.3}% 69
\BOOKMARK [1][-]{section.5.4}{\376\377\0005\000.\0004\000\040\000P\000a\000r\000a\000m\000e\000t\000e\000r\000\040\000N\000o\000r\000m\000a\000l\000i\000z\000a\000t\000i\000o\000n\000\040\000\046\000\040\000C\000o\000m\000p\000l\000e\000x\000i\000t\000y\000\040\000T\000r\000a\000d\000e\000-\000o\000f\000f}{chapter.5}% 70
\BOOKMARK [2][-]{subsection.5.4.1}{\376\377\0005\000.\0004\000.\0001\000\040\000R\000e\000s\000u\000l\000t\000s\000\040\000T\000a\000b\000l\000e\000s}{section.5.4}% 71
\BOOKMARK [2][-]{subsection.5.4.2}{\376\377\0005\000.\0004\000.\0002\000\040\000R\000e\000s\000u\000l\000t\000s\000\040\000F\000i\000g\000u\000r\000e\000s}{section.5.4}% 72
\BOOKMARK [1][-]{section.5.5}{\376\377\0005\000.\0005\000\040\000H\000i\000g\000h\000e\000r\000-\000O\000r\000d\000e\000r\000\040\000M\000o\000d\000u\000l\000a\000t\000i\000o\000n\000\040\000S\000c\000a\000l\000a\000b\000i\000l\000i\000t\000y\000\040\000\050\000C\000o\000n\000s\000t\000e\000l\000l\000a\000t\000i\000o\000n\000-\000A\000w\000a\000r\000e\000\040\000T\000r\000a\000i\000n\000i\000n\000g\000\051}{chapter.5}% 73
\BOOKMARK [2][-]{subsection.5.5.1}{\376\377\0005\000.\0005\000.\0001\000\040\000R\000e\000s\000u\000l\000t\000s\000\040\000T\000a\000b\000l\000e\000s}{section.5.5}% 74
\BOOKMARK [2][-]{subsection.5.5.2}{\376\377\0005\000.\0005\000.\0002\000\040\000R\000e\000s\000u\000l\000t\000s\000\040\000F\000i\000g\000u\000r\000e\000s}{section.5.5}% 75
\BOOKMARK [1][-]{section.5.6}{\376\377\0005\000.\0006\000\040\000I\000n\000p\000u\000t\000\040\000N\000o\000r\000m\000a\000l\000i\000z\000a\000t\000i\000o\000n\000\040\000a\000n\000d\000\040\000C\000S\000I\000\040\000I\000n\000j\000e\000c\000t\000i\000o\000n}{chapter.5}% 76
\BOOKMARK [1][-]{section.5.7}{\376\377\0005\000.\0007\000\040\0001\0006\000-\000C\000l\000a\000s\000s\000\040\0002\000D\000\040\000C\000l\000a\000s\000s\000i\000f\000i\000c\000a\000t\000i\000o\000n\000\040\000f\000o\000r\000\040\000Q\000A\000M\0001\0006}{chapter.5}% 77
\BOOKMARK [2][-]{subsection.5.7.1}{\376\377\0005\000.\0007\000.\0001\000\040\000R\000e\000s\000u\000l\000t\000s\000\040\000T\000a\000b\000l\000e\000s}{section.5.7}% 78
\BOOKMARK [2][-]{subsection.5.7.2}{\376\377\0005\000.\0007\000.\0002\000\040\000R\000e\000s\000u\000l\000t\000s\000\040\000F\000i\000g\000u\000r\000e\000s}{section.5.7}% 79
\BOOKMARK [1][-]{section.5.8}{\376\377\0005\000.\0008\000\040\000E\000n\000d\000-\000t\000o\000-\000E\000n\000d\000\040\000J\000o\000i\000n\000t\000\040\000O\000p\000t\000i\000m\000i\000z\000a\000t\000i\000o\000n}{chapter.5}% 80
\BOOKMARK [2][-]{subsection.5.8.1}{\376\377\0005\000.\0008\000.\0001\000\040\000R\000e\000s\000u\000l\000t\000s\000\040\000F\000i\000g\000u\000r\000e\000s}{section.5.8}% 81
\BOOKMARK [0][-]{chapter.6}{\376\377\0006\000\040\000D\000i\000s\000c\000u\000s\000s\000i\000o\000n\000\040\000a\000n\000d\000\040\000C\000o\000n\000c\000l\000u\000s\000i\000o\000n\000s}{}% 82
\BOOKMARK [1][-]{section.6.1}{\376\377\0006\000.\0001\000\040\000I\000n\000t\000e\000r\000p\000r\000e\000t\000a\000t\000i\000o\000n\000\040\000o\000f\000\040\000R\000e\000s\000u\000l\000t\000s}{chapter.6}% 83
\BOOKMARK [2][-]{subsection.6.1.1}{\376\377\0006\000.\0001\000.\0001\000\040\000S\000e\000l\000e\000c\000t\000i\000v\000e\000\040\000L\000o\000w\000-\000S\000N\000R\000\040\000A\000d\000v\000a\000n\000t\000a\000g\000e\000\040\000o\000f\000\040\000N\000e\000u\000r\000a\000l\000\040\000R\000e\000l\000a\000y\000s\000\040\000\050\000H\0001\000:\000\040\000P\000a\000r\000t\000i\000a\000l\000l\000y\000\040\000C\000o\000n\000f\000i\000r\000m\000e\000d\000\051}{section.6.1}% 84
\BOOKMARK [2][-]{subsection.6.1.2}{\376\377\0006\000.\0001\000.\0002\000\040\000C\000l\000a\000s\000s\000i\000c\000a\000l\000\040\000D\000o\000m\000i\000n\000a\000n\000c\000e\000\040\000a\000t\000\040\000H\000i\000g\000h\000\040\000S\000N\000R\000\040\000\050\000H\0002\000:\000\040\000C\000o\000n\000f\000i\000r\000m\000e\000d\000\051}{section.6.1}% 85
\BOOKMARK [2][-]{subsection.6.1.3}{\376\377\0006\000.\0001\000.\0003\000\040\000C\000h\000a\000n\000n\000e\000l\000\040\000R\000o\000b\000u\000s\000t\000n\000e\000s\000s}{section.6.1}% 86
\BOOKMARK [2][-]{subsection.6.1.4}{\376\377\0006\000.\0001\000.\0004\000\040\000M\000I\000M\000O\000\040\000E\000q\000u\000a\000l\000i\000z\000a\000t\000i\000o\000n\000\040\000H\000i\000e\000r\000a\000r\000c\000h\000y\000\040\000\050\000H\0006\000:\000\040\000C\000o\000n\000f\000i\000r\000m\000e\000d\000\051}{section.6.1}% 87
\BOOKMARK [1][-]{section.6.2}{\376\377\0006\000.\0002\000\040\000T\000h\000e\000\040\000`\000`\000L\000e\000s\000s\000\040\000i\000s\000\040\000M\000o\000r\000e\000'\000'\000\040\000P\000r\000i\000n\000c\000i\000p\000l\000e\000\040\000\050\000H\0003\000:\000\040\000C\000o\000n\000f\000i\000r\000m\000e\000d\000\051}{chapter.6}% 88
\BOOKMARK [2][-]{subsection.6.2.1}{\376\377\0006\000.\0002\000.\0001\000\040\000I\000n\000f\000o\000r\000m\000a\000t\000i\000o\000n\000-\000T\000h\000e\000o\000r\000e\000t\000i\000c\000\040\000P\000e\000r\000s\000p\000e\000c\000t\000i\000v\000e}{section.6.2}% 89
\BOOKMARK [2][-]{subsection.6.2.2}{\376\377\0006\000.\0002\000.\0002\000\040\000B\000i\000a\000s\000-\000V\000a\000r\000i\000a\000n\000c\000e\000\040\000A\000n\000a\000l\000y\000s\000i\000s}{section.6.2}% 90
\BOOKMARK [2][-]{subsection.6.2.3}{\376\377\0006\000.\0002\000.\0003\000\040\000P\000r\000a\000c\000t\000i\000c\000a\000l\000\040\000I\000m\000p\000l\000i\000c\000a\000t\000i\000o\000n\000s}{section.6.2}% 91
\BOOKMARK [1][-]{section.6.3}{\376\377\0006\000.\0003\000\040\000S\000t\000a\000t\000e\000\040\000S\000p\000a\000c\000e\000\040\000v\000s\000.\000\040\000A\000t\000t\000e\000n\000t\000i\000o\000n\000\040\000f\000o\000r\000\040\000S\000i\000g\000n\000a\000l\000\040\000P\000r\000o\000c\000e\000s\000s\000i\000n\000g}{chapter.6}% 92
\BOOKMARK [2][-]{subsection.6.3.1}{\376\377\0006\000.\0003\000.\0001\000\040\000C\000o\000n\000t\000e\000x\000t\000-\000L\000e\000n\000g\000t\000h\000\040\000B\000e\000n\000c\000h\000m\000a\000r\000k\000:\000\040\000V\000a\000l\000i\000d\000a\000t\000i\000n\000g\000\040\000t\000h\000e\000\040\000C\000r\000o\000s\000s\000o\000v\000e\000r\000\040\000H\000y\000p\000o\000t\000h\000e\000s\000i\000s}{section.6.3}% 93
\BOOKMARK [1][-]{section.6.4}{\376\377\0006\000.\0004\000\040\000P\000r\000a\000c\000t\000i\000c\000a\000l\000\040\000D\000e\000p\000l\000o\000y\000m\000e\000n\000t\000\040\000R\000e\000c\000o\000m\000m\000e\000n\000d\000a\000t\000i\000o\000n\000s}{chapter.6}% 94
\BOOKMARK [1][-]{section.6.5}{\376\377\0006\000.\0005\000\040\000L\000i\000m\000i\000t\000a\000t\000i\000o\000n\000s}{chapter.6}% 95
\BOOKMARK [1][-]{section.6.6}{\376\377\0006\000.\0006\000\040\000F\000u\000t\000u\000r\000e\000\040\000W\000o\000r\000k}{chapter.6}% 96
\BOOKMARK [1][-]{section.6.7}{\376\377\0006\000.\0007\000\040\000C\000o\000n\000c\000l\000u\000s\000i\000o\000n\000s}{chapter.6}% 97
\BOOKMARK [0][-]{chapter*.113}{\376\377\000E\000q\000u\000a\000t\000i\000o\000n\000\040\000R\000e\000f\000e\000r\000e\000n\000c\000e}{}% 98
\BOOKMARK [0][-]{chapter.7}{\376\377\0007\000\040\000R\000e\000f\000e\000r\000e\000n\000c\000e\000s}{}% 99
\BOOKMARK [0][-]{chapter.8}{\376\377\0008\000\040\000A\000p\000p\000e\000n\000d\000i\000c\000e\000s}{}% 100
\BOOKMARK [1][-]{section.8.1}{\376\377\0008\000.\0001\000\040\000A\000p\000p\000e\000n\000d\000i\000x\000\040\000A\000:\000\040\000M\000a\000t\000h\000e\000m\000a\000t\000i\000c\000a\000l\000\040\000N\000o\000t\000a\000t\000i\000o\000n}{chapter.8}% 101
\BOOKMARK [1][-]{section.8.2}{\376\377\0008\000.\0002\000\040\000A\000p\000p\000e\000n\000d\000i\000x\000\040\000B\000:\000\040\000M\000o\000d\000e\000l\000\040\000A\000r\000c\000h\000i\000t\000e\000c\000t\000u\000r\000e\000s\000\040\000a\000n\000d\000\040\000H\000y\000p\000e\000r\000p\000a\000r\000a\000m\000e\000t\000e\000r\000s}{chapter.8}% 102
\BOOKMARK [1][-]{section.8.3}{\376\377\0008\000.\0003\000\040\000A\000p\000p\000e\000n\000d\000i\000x\000\040\000C\000:\000\040\000S\000o\000f\000t\000w\000a\000r\000e\000\040\000A\000r\000c\000h\000i\000t\000e\000c\000t\000u\000r\000e}{chapter.8}% 103
\BOOKMARK [1][-]{section.8.4}{\376\377\0008\000.\0004\000\040\000A\000p\000p\000e\000n\000d\000i\000x\000\040\000D\000:\000\040\000N\000o\000r\000m\000a\000l\000i\000z\000e\000d\000\040\0003\000K\000-\000P\000a\000r\000a\000m\000e\000t\000e\000r\000\040\000C\000o\000n\000f\000i\000g\000u\000r\000a\000t\000i\000o\000n\000s}{chapter.8}% 104
\BOOKMARK [0][-]{chapter.9}{\376\377\0009\000\040\000C\000h\000a\000n\000n\000e\000l\000\040\000M\000o\000d\000e\000l\000\040\000V\000a\000l\000i\000d\000a\000t\000i\000o\000n\000\040\000C\000h\000a\000r\000t\000s}{}% 105
\BOOKMARK [1][-]{subsection.9.0.1}{\376\377\0009\000.\0000\000.\0001\000\040\000R\000e\000s\000u\000l\000t\000s\000\040\000F\000i\000g\000u\000r\000e\000s}{chapter.9}% 106
\BOOKMARK [0][-]{chapter.10}{\376\377\0001\0000\000\040\000D\000e\000t\000a\000i\000l\000e\000d\000\040\000E\000x\000p\000e\000r\000i\000m\000e\000n\000t\000a\000l\000\040\000T\000a\000b\000l\000e\000s}{}% 107
\BOOKMARK [0][-]{chapter.11}{\376\377\0001\0001\000\040\0004\0008\000-\000V\000a\000r\000i\000a\000n\000t\000\040\000N\000e\000u\000r\000a\000l\000\040\000R\000e\000l\000a\000y\000\040\000E\000x\000p\000e\000r\000i\000m\000e\000n\000t\000s\000\040\000\050\000C\000S\000I\000\040\000\046\000\040\000N\000o\000r\000m\000a\000l\000i\000z\000a\000t\000i\000o\000n\000\051}{}% 108
\BOOKMARK [1][-]{section.11.1}{\376\377\0001\0001\000.\0001\000\040\000R\000e\000s\000u\000l\000t\000s\000\040\000T\000a\000b\000l\000e\000s}{chapter.11}% 109
\BOOKMARK [1][-]{section.11.2}{\376\377\0001\0001\000.\0002\000\040\000R\000e\000s\000u\000l\000t\000s\000\040\000F\000i\000g\000u\000r\000e\000s}{chapter.11}% 110
\BOOKMARK [0][-]{chapter*.130}{\376\377\000A\000b\000s\000t\000r\000a\000c\000t\000\040\000\050\000H\000e\000b\000r\000e\000w\000\051}{}% 111
